&if $OS == WIN32
bin/dbmrfc.exe
pgm/dbmgetf.exe
lib/librfc32u.dll
lib/libsapu16vc71.dll
lib/libsapucum.dll  
lib/icuuc30.dll      
lib/icudt30.dll     
lib/icuin30.dll   
pgm/sapni.dll
Support/Mapfiles/dbmgetf.map
Support/Mapfiles/dbmrfc.map
Support/Mapfiles/sapni.map
&if $_MSC_VER in [ 13, 14 ]
symbols/sapni.pdb
&else
symbols/sapni.dbg
&endif
&else
bin/dbmrfc
bin/dbmgetf
lib/libsapni.$SOEXT
lib/libsapu16.$SOEXT
&if $OSSPEC in [ AIX ]
lib/libicuuc30.a
lib/libicudata30.a
lib/libicui18n30.a
&else
&if $MACH in [ HP_IA64 ]
lib/libicuuc.sl.30  
lib/libicudata.sl.30
lib/libicui18n.sl.30
&else
lib/libicuuc.$SOEXT.30  
lib/libicudata.$SOEXT.30
lib/libicui18n.$SOEXT.30
&endif
&endif
&endif
