&if $OS == WIN32
sap/consistent.dll
sap/lctest.dll
sap/garbagecollector.dll 
sap/lcsqlcpp.dll
sap/lcsqldbc.dll
sap/lccontainer.dll
sap/ttlcbasics.dll  
sap/libttlcbasicsbase.dll
Support/Mapfiles/consistent.map
Support/Mapfiles/lctest.map
Support/Mapfiles/garbagecollector.map
Support/Mapfiles/lcsqlcpp.map
Support/Mapfiles/lcsqldbc.map
Support/Mapfiles/lccontainer.map
Support/Mapfiles/ttlcbasics.map
Support/Mapfiles/libttlcbasicsbase.map
&if $_MSC_VER in [ 13, 14 ]
symbols/consistent.pdb
symbols/lctest.pdb
symbols/garbagecollector.pdb
symbols/lcsqlcpp.pdb
symbols/lcsqldbc.pdb
symbols/lccontainer.pdb
symbols/ttlcbasics.pdb 
symbols/libttlcbasicsbase.pdb
&else
symbols/consistent.dbg
symbols/lctest.dbg
symbols/garbagecollector.dbg 
symbols/lcsqlcpp.dbg
symbols/lcsqldbc.dbg
symbols/lccontainer.dbg
symbols/ttlcbasics.dbg  
symbols/libttlcbasicsbase.dbg
&endif	
&else
sap/consistent.$SOEXT
sap/lctest.$SOEXT
sap/garbagecollector.$SOEXT
sap/lcsqlcpp.$SOEXT
sap/lcsqldbc.$SOEXT
sap/lccontainer.$SOEXT
sap/ttlcbasics.$SOEXT
sap/libttlcbasicsbase.$SOEXT
&endif
