&if $OS == WIN32
bin/dbmevtdisp.exe
bin/xtcpupd.exe
bin/protconv.exe
bin/sdbconfig.exe
bin/SDBINST.EXE
bin/sdbpack.exe
bin/sdbreg.exe
bin/sdbregview.exe
bin/sdbuninst.exe
bin/sdbverify.exe
bin/sqlcli.exe
bin/x_ping.exe
bin/xtcpupd.exe
bin/xsysrc.exe
bin/xuser.exe
install/perl58.dll
bin/SDBSETUP.EXE
install/Grid.dll
install/wxmsw24.dll
install/Wx.dll
install/WXPERL.TGZ
install/RESOURCES.TGZ
install/sdbrun.dll
install/SDBINST.TGZ
pgm/dbmcli.exe
pgm/dbmcli_HelpInst.exe
pgm/regupd.exe
pgm/sqlping.exe
pgm/sqltcp.dll
pgm/sqltcp1.dll
pgm/sqltcp2.dll
pgm/sqltcpn.dll
&if not defined BIT64
pgm/sqluser72.dll
pgm/sqluser73.dll
&endif
&if $MACH != AMD64
pgm/sqluser74.dll
&endif
pgm/sqluser74n.dll
pgm/sqluser76.dll
Support/Mapfiles/dbmcli.map
Support/Mapfiles/dbmevtdisp.map
Support/Mapfiles/sqltcp.map
Support/Mapfiles/sqltcp1.map
Support/Mapfiles/sqltcp2.map
Support/Mapfiles/sqltcpn.map
&if not defined BIT64
Support/Mapfiles/sqluser72.map
Support/Mapfiles/sqluser73.map
&endif
&if $MACH != AMD64
Support/Mapfiles/sqluser74.map
&endif
Support/Mapfiles/sqluser74n.map
Support/Mapfiles/sqluser76.map
Support/Mapfiles/xtcpupd.map
&if $_MSC_VER in [ 13, 14 ]
symbols/dbmcli.pdb
symbols/dbmevtdisp.pdb
symbols/sqltcp.pdb
symbols/sqltcp1.pdb
symbols/sqltcp2.pdb
symbols/sqltcpn.pdb
&if $MACH != AMD64
symbols/sqluser74.pdb
&endif
symbols/sqluser74n.pdb
symbols/xtcpupd.pdb
&else
symbols/dbmcli.dbg
symbols/dbmevtdisp.dbg
symbols/sqltcp.dbg
symbols/sqltcp1.dbg
symbols/sqltcp2.dbg
symbols/sqltcpn.dbg
symbols/sqluser72.dbg
symbols/sqluser73.dbg
symbols/sqluser74.dbg
symbols/sqluser74n.dbg
symbols/sqluser76.dbg
symbols/xtcpupd.dbg
&endif
&else
bin/dbmcli
bin/dbmevtdisp
bin/getdbroot 06511
bin/protconv
bin/SDBINST
bin/SDBSETUP
bin/sdbconfig
bin/sdbpack
bin/sdbreg
bin/sdbregview
bin/sdbuninst
bin/sdbverify
bin/sqlcli
bin/x_ping
bin/xsysrc
bin/xuser
bin/starter/sdbstarter 04510
install/Grid.$SOEXT
&if $OSSPEC == AIX
install/libperl.a
install/libwx_gtk-2.4.a
&else
install/libperl.$SOEXT
&if $OSSPEC == LINUX
install/libwx_gtk2-2.4.$SOEXT
&else
install/libwx_gtk-2.4.$SOEXT
&endif
&endif
install/RESOURCES.TGZ
install/SDBINST.TGZ
install/SDBRUN
install/Wx.$SOEXT
install/WXPERL.TGZ
pgm/regupd
pgm/sqlping
&if $OSSPEC == HPUX 
pgm/rmfile
&endif
&endif
