= Start
@ /lib/libc.so.6:(__strdup+0x67)[0x40099d97] + 0x809c3b8 0xf
@ /lib/libc.so.6:(fopen+0x21)[0x40088121] + 0x809c3d0 0x16c
@ /lib/libc.so.6:(tzset+0x4c6)[0x400be116] + 0x809c548 0x2cc
@ /lib/libc.so.6:(fclose+0x161)[0x40087c91] - 0x809c3d0
@ /lib/libc.so.6:(adjtime+0x22a)[0x400bccfa] + 0x809c3d0 0xd
@ /lib/libc.so.6:(adjtime+0x22a)[0x400bccfa] + 0x809c3e8 0xc
@ /ls8801_d1/port/TOOL/tool/pgm/vmake:(strcpy+0x25a7e)[0x806f272] + 0x809c400 0x16
@ /lib/libc.so.6:(putenv+0x1e3)[0x40051bc3] + 0x809c820 0x154
@ /ls8801_d1/port/TOOL/tool/pgm/vmake:(strcpy+0x25a7e)[0x806f272] + 0x809c420 0x10
@ /ls8801_d1/port/TOOL/tool/pgm/vmake:(strcpy+0x25a7e)[0x806f272] + 0x809c438 0x16
@ /ls8801_d1/port/TOOL/tool/pgm/vmake:(strcpy+0x25a7e)[0x806f272] + 0x809c458 0x10
@ /ls8801_d1/port/TOOL/tool/pgm/vmake:(strcpy+0x25a7e)[0x806f272] + 0x809c470 0x1b
@ /ls8801_d1/port/TOOL/tool/pgm/vmake:(strcpy+0x25a7e)[0x806f272] + 0x809c490 0x10
@ /ls8801_d1/port/TOOL/tool/pgm/vmake:(strcpy+0x25a7e)[0x806f272] + 0x809c4a8 0x1b
@ /ls8801_d1/port/TOOL/tool/pgm/vmake:(strcpy+0x25a7e)[0x806f272] + 0x809c4c8 0x10
@ /ls8801_d1/port/TOOL/tool/pgm/vmake:(strcpy+0x25a7e)[0x806f272] + 0x809c4e0 0x1b
@ /ls8801_d1/port/TOOL/tool/pgm/vmake:(strcpy+0x25a7e)[0x806f272] + 0x809c500 0x10
@ /ls8801_d1/port/TOOL/tool/pgm/vmake:(strcpy+0x25a7e)[0x806f272] + 0x809c518 0x1b
@ /ls8801_d1/port/TOOL/tool/pgm/vmake:(strcpy+0x25a7e)[0x806f272] + 0x809c980 0x10
@ /ls8801_d1/port/TOOL/tool/pgm/vmake:(strcpy+0x25a7e)[0x806f272] + 0x809c998 0x1b
@ /ls8801_d1/port/TOOL/tool/pgm/vmake:(strcpy+0x25a7e)[0x806f272] + 0x809c9b8 0x10
@ /ls8801_d1/port/TOOL/tool/pgm/vmake:(strcpy+0x25a7e)[0x806f272] + 0x809c9d0 0x1b
@ /ls8801_d1/port/TOOL/tool/pgm/vmake:(strcpy+0x25a7e)[0x806f272] + 0x809c9f0 0x10
@ /ls8801_d1/port/TOOL/tool/pgm/vmake:(strcpy+0x25a7e)[0x806f272] + 0x809ca08 0x1b
@ /ls8801_d1/port/TOOL/tool/pgm/vmake:(strcpy+0x25a7e)[0x806f272] + 0x809ca28 0x10
@ /ls8801_d1/port/TOOL/tool/pgm/vmake:(strcpy+0x25a7e)[0x806f272] + 0x809ca40 0x1b
@ /ls8801_d1/port/TOOL/tool/pgm/vmake:(st