# sdb loader
&if $OS in [ WIN32 ]
bin/loadercli.exe
pgm/lserver.exe
&else
bin/loadercli
pgm/lserver
&endif
# sdb loader extension
lib/python2.3/sdb/loader/transport.py
config/loader.cfg
env/ISO_8859_1.TXT
env/ISO_8859_2.TXT
env/ISO_8859_3.TXT
env/ISO_8859_4.TXT
env/ISO_8859_5.TXT
env/ISO_8859_6.TXT
env/ISO_8859_7.TXT
# sdb loader extension tests
&if $LC_STATE in [ DEV ] 
lib/test/sdb/loader/doc/oim/cde.dtd
lib/test/sdb/loader/doc/oim/dbm.dtd
lib/test/sdb/loader/doc/oim/sdbm.dtd
lib/test/sdb/loader/doc/oim/dtm.dtd
lib/test/sdb/loader/doc/oim/gen.dtd
lib/test/sdb/loader/doc/oim/olap.dtd
lib/test/sdb/loader/doc/oim/rec.dtd
lib/test/sdb/loader/doc/oim/sim.dtd
lib/test/sdb/loader/doc/oim/tfm.dtd
lib/test/sdb/loader/doc/oim/uml.dtd
lib/test/sdb/loader/doc/oim/umx.dtd
lib/test/sdb/loader/doc/cwm/CWM_1.0.dtd
lib/test/sdb/loader/doc/cwm/CWMX_1.0.dtd
lib/test/sdb/loader/doc/cwm/CWM_1.0.xsd
lib/test/sdb/loader/doc/cwm/CWM_1.0.xsx
lib/test/sdb/loader/test/test_re.py
lib/test/sdb/loader/test/test_csv.py
lib/test/sdb/loader/test/test_loader.py
lib/test/sdb/dav/test/test_dav.py
lib/test/sdb/loader/demo/import.py
lib/test/sdb/loader/demo/transport.py
lib/test/sdb/loader/demo/sourcedb/SOURCEDB.ddl
lib/test/sdb/loader/demo/sourcedb/SOURCEDB.xml
lib/test/sdb/loader/demo/sourcedb/DAV/SOURCEDB_DAV.xml
lib/test/sdb/loader/demo/sourcedb/EDEMO/SOURCEDB_EDEMO.xml
lib/test/sdb/loader/demo/sourcedb/EDEMO/CATEGORIES/EDEMO_CATEGORIES.data
lib/test/sdb/loader/demo/sourcedb/EDEMO/CATEGORIES/EDEMO_CATEGORIES.dtl
lib/test/sdb/loader/demo/sourcedb/EDEMO/CATEGORIES/EDEMO_CATEGORIES.xml
lib/test/sdb/loader/demo/sourcedb/EDEMO/CATEGORIES/EDEMO_CATEGORIES_DESCRIPTION.long001
lib/test/sdb/loader/demo/sourcedb/EDEMO/CATEGORIES/EDEMO_CATEGORIES_DESCRIPTION.long002
lib/test/sdb/loader/demo/sourcedb/EDEMO/CATEGORIES/EDEMO_CATEGORIES_DESCRIPTION.long003
lib/test/sdb/loader/demo/sourcedb/EDEMO/CATEGORIES/EDEMO_CATEGORIES_DESCRIPTION.long004
lib/test/sdb/loader/demo/sourcedb/EDEMO/CATEGORIES/EDEMO_CATEGORIES_DESCRIPTION.long005
lib/test/sdb/loader/demo/sourcedb/EDEMO/CATEGORIES/EDEMO_CATEGORIES_DESCRIPTION.long006
lib/test/sdb/loader/demo/sourcedb/EDEMO/CATEGORIES/EDEMO_CATEGORIES_DESCRIPTION.long007
lib/test/sdb/loader/demo/sourcedb/EDEMO/CATEGORIES/EDEMO_CATEGORIES_DESCRIPTION.long008
lib/test/sdb/loader/demo/sourcedb/EDEMO/CATEGORIES/EDEMO_CATEGORIES_PICTURE.long001
lib/test/sdb/loader/demo/sourcedb/EDEMO/CATEGORIES/EDEMO_CATEGORIES_PICTURE.long002
lib/test/sdb/loader/demo/sourcedb/EDEMO/CATEGORIES/EDEMO_CATEGORIES_PICTURE.long003
lib/test/sdb/loader/demo/sourcedb/EDEMO/CATEGORIES/EDEMO_CATEGORIES_PICTURE.long004
lib/test/sdb/loader/demo/sourcedb/EDEMO/CATEGORIES/EDEMO_CATEGORIES_PICTURE.long005
lib/test/sdb/loader/demo/sourcedb/EDEMO/CATEGORIES/EDEMO_CATEGORIES_PICTURE.long006
lib/test/sdb/loader/demo/sourcedb/EDEMO/CATEGORIES/EDEMO_CATEGORIES_PICTURE.long007
lib/test/sdb/loader/demo/sourcedb/EDEMO/CATEGORIES/EDEMO_CATEGORIES_PICTURE.long008
lib/test/sdb/loader/demo/sourcedb/EDEMO/CATEGORIES_A/EDEMO_CATEGORIES_A.data
lib/test/sdb/loader/demo/sourcedb/EDEMO/CATEGORIES_A/EDEMO_CATEGORIES_A.dtl
lib/test/sdb/loader/demo/sourcedb/EDEMO/CATEGORIES_A/EDEMO_CATEGORIES_A.xml
lib/test/sdb/loader/demo/sourcedb/EDEMO/CATEGORIES_A/EDEMO_CATEGORIES_A_DESCRIPTION.long001
lib/test/sdb/loader/demo/sourcedb/EDEMO/CATEGORIES_A/EDEMO_CATEGORIES_A_DESCRIPTION.long002
lib/test/sdb/loader/demo/sourcedb/EDEMO/CATEGORIES_A/EDEMO_CATEGORIES_A_DESCRIPTION.long003
lib/test/sdb/loader/demo/sourcedb/EDEMO/CATEGORIES_A/EDEMO_CATEGORIES_A_DESCRIPTION.long004
lib/test/sdb/loader/demo/sourcedb/EDEMO/CATEGORIES_A/EDEMO_CATEGORIES_A_DESCRIPTION.long005
lib/test/sdb/loader/demo/sourcedb/EDEMO/CATEGORIES_A/EDEMO_CATEGORIES_A_DESCRIPTION.long006
lib/test/sdb/loader/demo/sourcedb/EDEMO/CATEGORIES_A/EDEMO_CATEGORIES_A_DESCRIPTION.long007
lib/test/sdb/loader/demo/sourcedb/EDEMO/CATEGORIES_A/EDEMO_CATEGORIES_A_DESCRIPTION.long008
lib/test/sdb/loader/demo/sourcedb/EDEMO/CATEGORIES_A/EDEMO_CATEGORIES_A_PICTURE.long001
lib/test/sdb/loader/demo/sourcedb/EDEMO/CATEGORIES_A/EDEMO_CATEGORIES_A_PICTURE.long002
lib/test/sdb/loader/demo/sourcedb/EDEMO/CATEGORIES_A/EDEMO_CATEGORIES_A_PICTURE.long003
lib/test/sdb/loader/demo/sourcedb/EDEMO/CATEGORIES_A/EDEMO_CATEGORIES_A_PICTURE.long004
lib/test/sdb/loader/demo/sourcedb/EDEMO/CATEGORIES_A/EDEMO_CATEGORIES_A_PICTURE.long005
lib/test/sdb/loader/demo/sourcedb/EDEMO/CATEGORIES_A/EDEMO_CATEGORIES_A_PICTURE.long006
lib/test/sdb/loader/demo/sourcedb/EDEMO/CATEGORIES_A/EDEMO_CATEGORIES_A_PICTURE.long007
lib/test/sdb/loader/demo/sourcedb/EDEMO/CATEGORIES_A/EDEMO_CATEGORIES_A_PICTURE.long008
lib/test/sdb/loader/demo/sourcedb/EDEMO/CUSTOMERS/EDEMO_CUSTOMERS.data
lib/test/sdb/loader/demo/sourcedb/EDEMO/CUSTOMERS/EDEMO_CUSTOMERS.dtl
lib/test/sdb/loader/demo/sourcedb/EDEMO/CUSTOMERS/EDEMO_CUSTOMERS.xml
lib/test/sdb/loader/demo/sourcedb/EDEMO/EMPLOYEES/EDEMO_EMPLOYEES.data
lib/test/sdb/loader/demo/sourcedb/EDEMO/EMPLOYEES/EDEMO_EMPLOYEES.dtl
lib/test/sdb/loader/demo/sourcedb/EDEMO/EMPLOYEES/EDEMO_EMPLOYEES.xml
lib/test/sdb/loader/demo/sourcedb/EDEMO/EMPLOYEES/EDEMO_EMPLOYEES_NOTES.long
lib/test/sdb/loader/demo/sourcedb/EDEMO/EMPLOYEES/EDEMO_EMPLOYEES_NOTES.long001
lib/test/sdb/loader/demo/sourcedb/EDEMO/EMPLOYEES/EDEMO_EMPLOYEES_NOTES.long002
lib/test/sdb/loader/demo/sourcedb/EDEMO/EMPLOYEES/EDEMO_EMPLOYEES_NOTES.long003
lib/test/sdb/loader/demo/sourcedb/EDEMO/EMPLOYEES/EDEMO_EMPLOYEES_NOTES.long004
lib/test/sdb/loader/demo/sourcedb/EDEMO/EMPLOYEES/EDEMO_EMPLOYEES_NOTES.long005
lib/test/sdb/loader/demo/sourcedb/EDEMO/EMPLOYEES/EDEMO_EMPLOYEES_NOTES.long006
lib/test/sdb/loader/demo/sourcedb/EDEMO/EMPLOYEES/EDEMO_EMPLOYEES_NOTES.long007
lib/test/sdb/loader/demo/sourcedb/EDEMO/EMPLOYEES/EDEMO_EMPLOYEES_NOTES.long008
lib/test/sdb/loader/demo/sourcedb/EDEMO/EMPLOYEES/EDEMO_EMPLOYEES_NOTES.long009
lib/test/sdb/loader/demo/sourcedb/EDEMO/EMPLOYEES/EDEMO_EMPLOYEES_NOTES.long010
lib/test/sdb/loader/demo/sourcedb/EDEMO/EMPLOYEES/EDEMO_EMPLOYEES_NOTES.long011
lib/test/sdb/loader/demo/sourcedb/EDEMO/EMPLOYEES/EDEMO_EMPLOYEES_NOTES.long012
lib/test/sdb/loader/demo/sourcedb/EDEMO/EMPLOYEES/EDEMO_EMPLOYEES_NOTES.long013
lib/test/sdb/loader/demo/sourcedb/EDEMO/EMPLOYEES/EDEMO_EMPLOYEES_NOTES.long014
lib/test/sdb/loader/demo/sourcedb/EDEMO/EMPLOYEES/EDEMO_EMPLOYEES_NOTES.long015
lib/test/sdb/loader/demo/sourcedb/EDEMO/EMPLOYEES/EDEMO_EMPLOYEES_PHOTO.long
lib/test/sdb/loader/demo/sourcedb/EDEMO/EMPLOYEES/EDEMO_EMPLOYEES_PHOTO.long001
lib/test/sdb/loader/demo/sourcedb/EDEMO/EMPLOYEES/EDEMO_EMPLOYEES_PHOTO.long002
lib/test/sdb/loader/demo/sourcedb/EDEMO/EMPLOYEES/EDEMO_EMPLOYEES_PHOTO.long003
lib/test/sdb/loader/demo/sourcedb/EDEMO/EMPLOYEES/EDEMO_EMPLOYEES_PHOTO.long004
lib/test/sdb/loader/demo/sourcedb/EDEMO/EMPLOYEES/EDEMO_EMPLOYEES_PHOTO.long005
lib/test/sdb/loader/demo/sourcedb/EDEMO/EMPLOYEES/EDEMO_EMPLOYEES_PHOTO.long006
lib/test/sdb/loader/demo/sourcedb/EDEMO/EMPLOYEES/EDEMO_EMPLOYEES_PHOTO.long007
lib/test/sdb/loader/demo/sourcedb/EDEMO/EMPLOYEES/EDEMO_EMPLOYEES_PHOTO.long008
lib/test/sdb/loader/demo/sourcedb/EDEMO/EMPLOYEES/EDEMO_EMPLOYEES_PHOTO.long009
lib/test/sdb/loader/demo/sourcedb/EDEMO/EMPLOYEES/EDEMO_EMPLOYEES_PHOTO.long010
lib/test/sdb/loader/demo/sourcedb/EDEMO/EMPLOYEES/EDEMO_EMPLOYEES_PHOTO.long011
lib/test/sdb/loader/demo/sourcedb/EDEMO/EMPLOYEES/EDEMO_EMPLOYEES_PHOTO.long012
lib/test/sdb/loader/demo/sourcedb/EDEMO/EMPLOYEES/EDEMO_EMPLOYEES_PHOTO.long013
lib/test/sdb/loader/demo/sourcedb/EDEMO/EMPLOYEES/EDEMO_EMPLOYEES_PHOTO.long014
lib/test/sdb/loader/demo/sourcedb/EDEMO/EMPLOYEES/EDEMO_EMPLOYEES_PHOTO.long015
lib/test/sdb/loader/demo/sourcedb/EDEMO/NL_TEST/EDEMO_NL_TEST.data
lib/test/sdb/loader/demo/sourcedb/EDEMO/ORDERDETAILS/EDEMO_ORDERDETAILS.data
lib/test/sdb/loader/demo/sourcedb/EDEMO/ORDERDETAILS/EDEMO_ORDERDETAILS.dtl
lib/test/sdb/loader/demo/sourcedb/EDEMO/ORDERDETAILS/EDEMO_ORDERDETAILS.xml
lib/test/sdb/loader/demo/sourcedb/EDEMO/ORDERDETAILS/_EDEMO_ORDERDETAILS.data
lib/test/sdb/loader/demo/sourcedb/EDEMO/ORDERS/EDEMO_ORDERS.data
lib/test/sdb/loader/demo/sourcedb/EDEMO/ORDERS/EDEMO_ORDERS.dtl
lib/test/sdb/loader/demo/sourcedb/EDEMO/ORDERS/EDEMO_ORDERS.xml
lib/test/sdb/loader/demo/sourcedb/EDEMO/ORDERS/_EDEMO_ORDERS.data
lib/test/sdb/loader/demo/sourcedb/EDEMO/PHOTOS/EDEMO_PHOTOS.data
lib/test/sdb/loader/demo/sourcedb/EDEMO/PHOTOS/EDEMO_PHOTOS.dtl
lib/test/sdb/loader/demo/sourcedb/EDEMO/PHOTOS/EDEMO_PHOTOS.xml
lib/test/sdb/loader/demo/sourcedb/EDEMO/PHOTOS/EDEMO_PHOTOS_PHOTO.long001
lib/test/sdb/loader/demo/sourcedb/EDEMO/PHOTOS/EDEMO_PHOTOS_PHOTO.long002
lib/test/sdb/loader/demo/sourcedb/EDEMO/PHOTOS/EDEMO_PHOTOS_PHOTO.long003
lib/test/sdb/loader/demo/sourcedb/EDEMO/PHOTOS/EDEMO_PHOTOS_PHOTO.long004
lib/test/sdb/loader/demo/sourcedb/EDEMO/PHOTOS/EDEMO_PHOTOS_PHOTO.long005
lib/test/sdb/loader/demo/sourcedb/EDEMO/PHOTOS/EDEMO_PHOTOS_PHOTO.long006
lib/test/sdb/loader/demo/sourcedb/EDEMO/PHOTOS/EDEMO_PHOTOS_PHOTO.long007
lib/test/sdb/loader/demo/sourcedb/EDEMO/PHOTOS/EDEMO_PHOTOS_PHOTO.long008
lib/test/sdb/loader/demo/sourcedb/EDEMO/PHOTOS/EDEMO_PHOTOS_PHOTO.long009
lib/test/sdb/loader/demo/sourcedb/EDEMO/PHOTOS/EDEMO_PHOTOS_PHOTO.long010
lib/test/sdb/loader/demo/sourcedb/EDEMO/PHOTOS/EDEMO_PHOTOS_PHOTO.long011
lib/test/sdb/loader/demo/sourcedb/EDEMO/PHOTOS/EDEMO_PHOTOS_PHOTO.long012
lib/test/sdb/loader/demo/sourcedb/EDEMO/PHOTOS/EDEMO_PHOTOS_PHOTO.long013
lib/test/sdb/loader/demo/sourcedb/EDEMO/PHOTOS/EDEMO_PHOTOS_PHOTO.long014
lib/test/sdb/loader/demo/sourcedb/EDEMO/PRODUCTS/EDEMO_PRODUCTS.data
lib/test/sdb/loader/demo/sourcedb/EDEMO/PRODUCTS/EDEMO_PRODUCTS.dtl
lib/test/sdb/loader/demo/sourcedb/EDEMO/PRODUCTS/EDEMO_PRODUCTS.xml
lib/test/sdb/loader/demo/sourcedb/EDEMO/REQUESTS/EDEMO_REQUESTS.data
lib/test/sdb/loader/demo/sourcedb/EDEMO/REQUESTS/EDEMO_REQUESTS.dtl
lib/test/sdb/loader/demo/sourcedb/EDEMO/REQUESTS/EDEMO_REQUESTS.xml
lib/test/sdb/loader/demo/sourcedb/EDEMO/REQUESTS/EDEMO_REQUESTS_REQUEST.long001
lib/test/sdb/loader/demo/sourcedb/EDEMO/REQUESTS/EDEMO_REQUESTS_REQUEST.long002
lib/test/sdb/loader/demo/sourcedb/EDEMO/REQUESTS/EDEMO_REQUESTS_REQUEST.long003
lib/test/sdb/loader/demo/sourcedb/EDEMO/REQUESTS/EDEMO_REQUESTS_REQUEST.long004
lib/test/sdb/loader/demo/sourcedb/EDEMO/REQUESTS/EDEMO_REQUESTS_REQUEST.long005
lib/test/sdb/loader/demo/sourcedb/EDEMO/REQUESTS/EDEMO_REQUESTS_REQUEST.long006
lib/test/sdb/loader/demo/sourcedb/EDEMO/SHIPPERS/EDEMO_SHIPPERS.data
lib/test/sdb/loader/demo/sourcedb/EDEMO/SHIPPERS/EDEMO_SHIPPERS.dtl
lib/test/sdb/loader/demo/sourcedb/EDEMO/SHIPPERS/EDEMO_SHIPPERS.xml
lib/test/sdb/loader/demo/sourcedb/EDEMO/SUPPLIERS/EDEMO_SUPPLIERS.data
lib/test/sdb/loader/demo/sourcedb/EDEMO/SUPPLIERS/EDEMO_SUPPLIERS.dtl
lib/test/sdb/loader/demo/sourcedb/EDEMO/SUPPLIERS/EDEMO_SUPPLIERS.xml
lib/test/sdb/loader/demo/sourcedb/SQLTRAVEL00/SOURCEDB_SQLTRAVEL00.xml
lib/test/sdb/loader/demo/sourcedb/SQLTRAVEL00/ACCOUNT/SQLTRAVEL00_ACCOUNT.data
lib/test/sdb/loader/demo/sourcedb/SQLTRAVEL00/ACCOUNT/SQLTRAVEL00_ACCOUNT.dtl
lib/test/sdb/loader/demo/sourcedb/SQLTRAVEL00/ACCOUNT/SQLTRAVEL00_ACCOUNT.xml
lib/test/sdb/loader/demo/sourcedb/SQLTRAVEL00/CITY/SQLTRAVEL00_CITY.data
lib/test/sdb/loader/demo/sourcedb/SQLTRAVEL00/CITY/SQLTRAVEL00_CITY.dtl
lib/test/sdb/loader/demo/sourcedb/SQLTRAVEL00/CITY/SQLTRAVEL00_CITY.xml
lib/test/sdb/loader/demo/sourcedb/SQLTRAVEL00/CUSTOMER/SQLTRAVEL00_CUSTOMER.data
lib/test/sdb/loader/demo/sourcedb/SQLTRAVEL00/CUSTOMER/SQLTRAVEL00_CUSTOMER.dtl
lib/test/sdb/loader/demo/sourcedb/SQLTRAVEL00/CUSTOMER/SQLTRAVEL00_CUSTOMER.xml
lib/test/sdb/loader/demo/sourcedb/SQLTRAVEL10/SOURCEDB_SQLTRAVEL10.xml
lib/test/sdb/loader/demo/sourcedb/SQLTRAVEL10/HOTEL/SQLTRAVEL10_HOTEL.data
lib/test/sdb/loader/demo/sourcedb/SQLTRAVEL10/HOTEL/SQLTRAVEL10_HOTEL.dtl
lib/test/sdb/loader/demo/sourcedb/SQLTRAVEL10/HOTEL/SQLTRAVEL10_HOTEL.xml
lib/test/sdb/loader/demo/sourcedb/SQLTRAVEL10/HOTEL/SQLTRAVEL10_HOTEL_INFO.long001
lib/test/sdb/loader/demo/sourcedb/SQLTRAVEL10/HOTEL/SQLTRAVEL10_HOTEL_INFO.long003
lib/test/sdb/loader/demo/sourcedb/SQLTRAVEL10/HOTEL/SQLTRAVEL10_HOTEL_INFO.long006
lib/test/sdb/loader/demo/sourcedb/SQLTRAVEL10/HOTEL/SQLTRAVEL10_HOTEL_INFO.long009
lib/test/sdb/loader/demo/sourcedb/SQLTRAVEL10/ROOM/SQLTRAVEL10_ROOM.data
lib/test/sdb/loader/demo/sourcedb/SQLTRAVEL10/ROOM/SQLTRAVEL10_ROOM.dtl
lib/test/sdb/loader/demo/sourcedb/SQLTRAVEL10/ROOM/SQLTRAVEL10_ROOM.xml
lib/test/sdb/loader/demo/sourcedb/SQLTRAVEL20/SOURCEDB_SQLTRAVEL20.xml
lib/test/sdb/loader/demo/sourcedb/SQLTRAVEL20/RESERVATION/SQLTRAVEL20_RESERVATION.data
lib/test/sdb/loader/demo/sourcedb/SQLTRAVEL20/RESERVATION/SQLTRAVEL20_RESERVATION.dtl
lib/test/sdb/loader/demo/sourcedb/SQLTRAVEL20/RESERVATION/SQLTRAVEL20_RESERVATION.xml
lib/test/sdb/loader/performance/export_11_data.txt
lib/test/sdb/loader/performance/export_12_data.txt
lib/test/sdb/loader/performance/export_13_data.txt
lib/test/sdb/loader/performance/export_14_data.txt
lib/test/sdb/loader/performance/export_15_data.txt
lib/test/sdb/loader/performance/export_16_data.txt
lib/test/sdb/loader/performance/export_17_data.txt
lib/test/sdb/loader/performance/export_18_data.txt
lib/test/sdb/loader/performance/import_11_data.txt
lib/test/sdb/loader/performance/import_12_data.txt
lib/test/sdb/loader/performance/import_13_data.txt
lib/test/sdb/loader/performance/import_14_data.txt
lib/test/sdb/loader/performance/import_15_data.txt
lib/test/sdb/loader/performance/import_16_data.txt
lib/test/sdb/loader/performance/import_17_data.txt
lib/test/sdb/loader/performance/import_18_data.txt
lib/test/sdb/loader/performance/import_2_data.txt
lib/test/sdb/loader/performance/export_1_package.txt
lib/test/sdb/loader/performance/import_1_package.txt
lib/test/sdb/loader/performance/import_2_package.txt
&if $OS in [ WIN32 ]
lib/test/sdb/loader/performance/export_1_data.bat
lib/test/sdb/loader/performance/import_1_data.bat
lib/test/sdb/loader/performance/import_2_data.bat
lib/test/sdb/loader/performance/export_1_package.bat
lib/test/sdb/loader/performance/import_1_package.bat
lib/test/sdb/loader/performance/import_2_package.bat
&else
lib/test/sdb/loader/performance/export_1_data
lib/test/sdb/loader/performance/import_1_data
lib/test/sdb/loader/performance/import_2_data
lib/test/sdb/loader/performance/export_1_package
lib/test/sdb/loader/performance/import_1_package
lib/test/sdb/loader/performance/import_2_package
& endif
lib/test/sdb/dbm/demo/installdb.py
lib/test/sdb/dav/demo/import.py
lib/test/sdb/dav/test/davlib.py
lib/test/sdb/dav/test/qp_xml.py
&endif
