&if $OS in [ WIN32 ]
bin/backint.exe
bin/dbmevtdisp.exe
bin/dbmevthndl_display.exe
bin/dbmevthndl_winlog.exe
bin/dbmsrvctl.exe
bin/ireport.py
bin/pipe2file.exe
bin/sdbfill.exe
bin/sqlrun.dll
bin/xci.exe
bin/xkernprot.exe
bin/xoldci.exe
bin/xsql.exe
bin/xsqlro.exe
bin/xtracesort.exe
bin/x_diagnose.exe
bin/x_python.exe
bin/xservice.exe
cluster/dbmsrv_clu.exe
cluster/SAPDBMSCSEx.dll
cluster/sapdbmscsman.dll
cluster/SAPDBMSCSMan.exe
cluster/SAPDBMSCSRes.dll
cluster/service_clu.exe
cluster/serv_clu.exe
cluster/stop_clu.exe
cluster/strt_clu.exe
demo/HOTEL.py
demo/ltutorial.py
demo/tutoriallib.py
env/APPS.py
env/CNR3DATA.py
env/CNR3TAB.py
env/cserv.pcf
env/DBMVIEWS.py
env/GARBAGE.py
env/en/DBM.en
env/general.use
env/INFO.py
env/installib.py
env/kernprot.use
env/SAPDBLOADER.py
env/getpackages.py
env/lapps.py
env/lsystab.py
env/ODBC.py
env/JDBC.py
env/ORADD.py
env/ORADDCOM.py
env/ORADDSYN.py
env/ORADDV.py
env/PRECOM.py
env/REPOSITORY.py
env/SHOWCMD.py
env/SQLDBC.py
env/SYSDBA.py
env/SYSDBACOM.py
env/SYSINFO.py
env/SYSINFOCOM.py
env/TRIGGER.py
env/UDE.py
env/WA.py
env/XDD.py
env/XDDCOM.py
pgm/python23.zip
lib/python2.3/optlib.py
lib/python2.3/_sre.pyd
lib/python2.3/_socket.pyd
lib/python2.3/pyexpat.pyd
lib/python2.3/zlib.pyd
# python extensions
lib/python2.3/sdb/__init__.py
lib/python2.3/sdb/dbm.pyd
lib/python2.3/sdb/loader.pyd
lib/python2.3/sdb/sql.pyd
lib/python2.3/sdb/dbapi.py
misc/create_demo_db.cmd
misc/drop_demo_db.cmd
pgm/backup.exe
pgm/cons.exe
pgm/cr_param.exe
pgm/dbmreg.exe
pgm/dbmsrv.exe
pgm/dbmsrvscd.exe
pgm/dbmshm.exe
pgm/dbmstart.exe
pgm/dbmstop.exe
pgm/dbmunreg.exe
pgm/dbpinstall.dll
pgm/diagnose.exe
pgm/kernel.exe
pgm/libhsscopy.dll
pgm/liboms.dll
pgm/libSQLDBC.dll
pgm/libSQLDBC_C.dll
pgm/libsqlcls.dll
pgm/lserver.exe
pgm/pysapdb.exe
pgm/python23.dll
pgm/renparam.exe
pgm/service.exe
pgm/slowci.exe
pgm/slowknl.exe
pgm/sqlinst.dll
pgm/sqlmsg.dll
bin/sqlver.exe
bin/sqlwhat.exe
pgm/stop.exe
pgm/strt.exe
pgm/StudioUtil.dll
pgm/sysrc.exe
pgm/systemrc.exe
pgm/TableDefC.dll
pgm/Tools_WinEvtLog.dll
pgm/tracesort.exe
sap/dbpinstall.lst
sap/grantxdb.dbm
sap/lcinit.bat
sap/lvcbench.dll
sap/saprfc.ini
sap/sphsapdb.dll
sap/sphsapdb.lst
Support/Mapfiles/backint.map
Support/Mapfiles/cons.map
Support/Mapfiles/cr_param.map
Support/Mapfiles/dbmevtdisp.map
Support/Mapfiles/dbmevthndl_display.map
Support/Mapfiles/dbmevthndl_winlog.map
Support/Mapfiles/dbmsrv-clu.map
Support/Mapfiles/dbmsrv.map
Support/Mapfiles/dbmsrvscd.map
Support/Mapfiles/dbmshm.map
Support/Mapfiles/dbpinstall.map
Support/Mapfiles/diagnose.map
Support/Mapfiles/get_page.map
Support/Mapfiles/kernel.map
Support/Mapfiles/libhsscopy.map
Support/Mapfiles/liboms.map
Support/Mapfiles/libSQLDBC.map
Support/Mapfiles/libSQLDBC_C.map
Support/Mapfiles/libsqlcls.map
Support/Mapfiles/lserver.map
Support/Mapfiles/odbcreg.map
Support/Mapfiles/pipe2file.map
Support/Mapfiles/sapdbmscsex.map
Support/Mapfiles/sapdbmscsman.map
Support/Mapfiles/sapdbmscsres.map
Support/Mapfiles/serv-clu.map
Support/Mapfiles/service-clu.map
Support/Mapfiles/service.map
Support/Mapfiles/slowci.map
Support/Mapfiles/slowknl.map
Support/Mapfiles/sphsapdb.map
Support/Mapfiles/sqlinst.map
Support/Mapfiles/sqlver.map
Support/Mapfiles/sqlwhat.map
Support/Mapfiles/sql_run.map
Support/Mapfiles/sysrc.map
Support/Mapfiles/systemrc.map
Support/Mapfiles/TableDefC.map
Support/Mapfiles/tracesort.map
&if $_MSC_VER in [ 13, 14 ]
&if ! defined BIT64
pgm/dbghelp.dll
&endif
symbols/backint.pdb
symbols/cons.pdb
symbols/cr_param.pdb
symbols/dbmevtdisp.pdb
symbols/dbmevthndl_display.pdb
symbols/dbmevthndl_winlog.pdb
symbols/dbmsrv-clu.pdb
symbols/dbmsrv.pdb
symbols/dbmsrvscd.pdb
symbols/dbmshm.pdb
symbols/dbpinstall.pdb
symbols/diagnose.pdb
symbols/get_page.pdb
symbols/kernel.pdb
symbols/libhsscopy.pdb
symbols/liboms.pdb
symbols/libSQLDBC.pdb
symbols/libSQLDBC_C.pdb
symbols/libsqlcls.pdb
symbols/lserver.pdb
symbols/pipe2file.pdb
symbols/sapdbmscsex.pdb
symbols/sapdbmscsman.pdb
symbols/sapdbmscsres.pdb
symbols/serv-clu.pdb
symbols/service-clu.pdb
symbols/service.pdb
symbols/slowci.pdb
symbols/slowknl.pdb
symbols/sphsapdb.pdb
symbols/sqlinst.pdb
symbols/sqlrun.pdb
symbols/sqlver.pdb
symbols/sqlwhat.pdb
symbols/sql_run.pdb
symbols/stop-clu.pdb
symbols/start-clu.pdb
symbols/sysrc.pdb
symbols/systemrc.pdb
symbols/TableDefC.pdb
symbols/tracesort.pdb
&else
symbols/backint.dbg
symbols/cons.dbg
symbols/cr_param.dbg
symbols/dbmevtdisp.dbg
symbols/dbmevthndl_display.dbg
symbols/dbmevthndl_winlog.dbg
symbols/dbmsrv-clu.dbg
symbols/dbmsrv.dbg
symbols/dbmsrvscd.dbg
symbols/dbmshm.dbg
symbols/dbpinstall.dbg
symbols/get_page.dbg
symbols/kernel.dbg
symbols/libhsscopy.dbg
symbols/liboms.dbg
symbols/libSQLDBC.dbg
symbols/libSQLDBC_C.dbg
symbols/libsqlcls.dbg
symbols/lserver.dbg
symbols/odbcreg.dbg
symbols/pipe2file.dbg
symbols/sapdbmscsex.dbg
symbols/sapdbmscsman.dbg
symbols/sapdbmscsres.dbg
symbols/serv-clu.dbg
symbols/service-clu.dbg
symbols/service.dbg
symbols/slowci.dbg
symbols/slowknl.dbg
symbols/sphsapdb.dbg
symbols/sqlinst.dbg
symbols/sqlrun.dbg
symbols/sqlver.dbg
symbols/sqlwhat.dbg
symbols/sql_run.dbg
symbols/stop-clu.dbg
symbols/start-clu.dbg
symbols/sysrc.dbg
symbols/systemrc.dbg
symbols/TableDefC.dbg
symbols/tracesort.dbg
&endif
&else
bin/backint
bin/dbmevtdisp
bin/dbmevthndl_display
bin/dbmsrvctl
#bin/ireport.py
bin/pipe2file
bin/ps_all
bin/sdbfill
bin/x_diagnose
bin/x_python
bin/xkernprot
bin/xsql
bin/xtracesort
demo/HOTEL.py
demo/ltutorial.py
demo/tutoriallib.py
env/APPS.py
env/CNR3DATA.py
env/CNR3TAB.py
env/DBMVIEWS.py
env/GARBAGE.py
env/INFO.py
env/ODBC.py
env/JDBC.py
env/ORADD.py
env/ORADDCOM.py
env/ORADDSYN.py
env/ORADDV.py
env/PRECOM.py
env/REPOSITORY.py
env/SHOWCMD.py
env/SQLDBC.py
env/SYSDBA.py
env/SYSDBACOM.py
env/SYSINFO.py
env/SYSINFOCOM.py
env/TRIGGER.py
env/UDE.py
env/WA.py
env/XDD.py
env/XDDCOM.py
env/cserv.pcf
env/en/DBM.en
env/general.use
env/installib.py
env/kernprot.use
env/getpackages.py
env/lapps.py
env/SAPDBLOADER.py
env/lsystab.py
env/vserver.use
etc/VERSIONS
$LIB/ContentStorage.$SOEXT
$LIB/dbpinstall.$SOEXT
$LIB/libhsscopy.$SOEXT
$LIB/liboms.$SOEXT
$LIB/libSQLDBC.$SOEXT
$LIB/libSQLDBC_C.$SOEXT
lib/python23.zip
lib/python2.3/optlib.py
lib/python2.3/sdb/__init__.py
lib/python2.3/sdb/dbmmodule.$SOEXT
lib/python2.3/sdb/loadermodule.$SOEXT
lib/python2.3/sdb/sqlmodule.$SOEXT
lib/python2.3/sdb/dbapi.py
misc/create_demo_db.sh
misc/drop_demo_db.sh
pgm/backup
pgm/cons
pgm/dbmreg
pgm/dbmsrv 06551
pgm/dbmsrvscd
pgm/dbmshm
pgm/dbmstart
pgm/dbmstop
pgm/dbmunreg
pgm/dbmverifypw
pgm/diagnose
pgm/kernel
pgm/lserver
pgm/python
pgm/slowknl
pgm/start
pgm/stop
pgm/sysrc
pgm/tracesort
pgm/starter/sdbstarter 04510
sap/dbpinstall.lst
sap/grantxdb.dbm
sap/lcinit
sap/lvcbench.$SOEXT
sap/saprfc.ini
sap/sphsapdb.lst
sap/sphsapdb.$SOEXT
&endif
doc/FirstSteps/index.html
&if $OS == WIN32
doc/FirstSteps/maxdbenv.cmd
&else
doc/FirstSteps/maxdbenv.sh
&endif
doc/FirstSteps/Java/DemodbData.class
doc/FirstSteps/Java/DemodbData.java
doc/FirstSteps/Java/HelloMaxDB.class
doc/FirstSteps/Java/HelloMaxDB.java
doc/FirstSteps/Java/HowToJava.html
doc/FirstSteps/Java/StateMaxDB.class
doc/FirstSteps/Java/StateMaxDB.java
doc/FirstSteps/ODBC/HelloMaxDB.c
doc/FirstSteps/ODBC/HowToODBC.html
doc/FirstSteps/ODBC/Makefile
doc/FirstSteps/Perl/demodbData.pm
doc/FirstSteps/Perl/HowToPerl.html
doc/FirstSteps/Perl/StateMaxDB.pl
doc/FirstSteps/Python/demodbData.py
doc/FirstSteps/Python/HelloMaxDB.py
doc/FirstSteps/Python/HelloMaxDB-API.py
doc/FirstSteps/Python/HowToPython.html
doc/FirstSteps/Python/StateMaxDB.py
doc/FirstSteps/SQLDBC/HelloMaxDB.cpp
doc/FirstSteps/SQLDBC/HowToSQLDBC.html
doc/FirstSteps/SQLDBC/Makefile

