runtime/python/sdb/__init__.py
runtime/python/sdb/dbapi.py
runtime/python/sdb/dbm.py
runtime/python/sdb/loader.py
runtime/python/sdb/sql.py
&if $OS in [ WIN32 ]
&if defined BIT64
runtime/python/sdb/python-py21/__init__.py
runtime/python/sdb/python-py21/dbm.pyd
runtime/python/sdb/python-py21/loader.pyd
runtime/python/sdb/python-py21/sql.pyd
runtime/python/sdb/python-py23/__init__.py
runtime/python/sdb/python-py23/dbm.pyd
runtime/python/sdb/python-py23/loader.pyd
runtime/python/sdb/python-py23/sql.pyd
&else
runtime/python/sdb/python-py15/__init__.py
runtime/python/sdb/python-py15/dbm.pyd
runtime/python/sdb/python-py15/loader.pyd
runtime/python/sdb/python-py15/sql.pyd
runtime/python/sdb/python-py20/__init__.py
runtime/python/sdb/python-py20/dbm.pyd
runtime/python/sdb/python-py20/loader.pyd
runtime/python/sdb/python-py20/sql.pyd
runtime/python/sdb/python-py21/__init__.py
runtime/python/sdb/python-py21/dbm.pyd
runtime/python/sdb/python-py21/loader.pyd
runtime/python/sdb/python-py21/sql.pyd
runtime/python/sdb/python-py22/__init__.py
runtime/python/sdb/python-py22/dbm.pyd
runtime/python/sdb/python-py22/loader.pyd
runtime/python/sdb/python-py22/sql.pyd
runtime/python/sdb/python-py23/__init__.py
runtime/python/sdb/python-py23/dbm.pyd
runtime/python/sdb/python-py23/loader.pyd
runtime/python/sdb/python-py23/sql.pyd
&endif
&else
runtime/python/sdb/python-py15/__init__.py
runtime/python/sdb/python-py15/dbmmodule.$SOEXT
runtime/python/sdb/python-py15/loadermodule.$SOEXT
runtime/python/sdb/python-py15/sqlmodule.$SOEXT
runtime/python/sdb/python-py20/__init__.py
runtime/python/sdb/python-py20/dbmmodule.$SOEXT
runtime/python/sdb/python-py20/loadermodule.$SOEXT
runtime/python/sdb/python-py20/sqlmodule.$SOEXT
runtime/python/sdb/python-py21/__init__.py
runtime/python/sdb/python-py21/dbmmodule.$SOEXT
runtime/python/sdb/python-py21/loadermodule.$SOEXT
runtime/python/sdb/python-py21/sqlmodule.$SOEXT
runtime/python/sdb/python-py22/__init__.py
runtime/python/sdb/python-py22/dbmmodule.$SOEXT
runtime/python/sdb/python-py22/loadermodule.$SOEXT
runtime/python/sdb/python-py22/sqlmodule.$SOEXT
runtime/python/sdb/python-py23/__init__.py
runtime/python/sdb/python-py23/dbmmodule.$SOEXT
runtime/python/sdb/python-py23/loadermodule.$SOEXT
runtime/python/sdb/python-py23/sqlmodule.$SOEXT
&endif
runtime/python/sapdb/__init__.py
runtime/python/sapdb/dbm.py
runtime/python/sapdb/loader.py
runtime/python/sapdb/sql.py
runtime/python/sapdb/dbapi.py
runtime/python/maxdb/__init__.py
runtime/python/maxdb/dbm.py
runtime/python/maxdb/loader.py
runtime/python/maxdb/sql.py
runtime/python/maxdb/dbapi.py

