&if $OS in [ WIN32 ]
bin/sqlrun.dll
bin/sdbinfo.exe
bin/sysmon.exe
bin/xpu.exe
bin/x_analys.exe
bin/x_cons.exe
bin/x_show.exe
bin/x_server.exe
bin/x_start.exe
bin/x_stop.exe
bin/x_wiz.exe
bin/x_wizstop.exe
bin/x_wizard.exe
bin/x_wiztrc.exe
bin/xbackup.exe
bin/xinstinfo.exe
env/serv.use
env/xstart.use
env/xstop.use
etc/VERSIONS
pgm/serv.exe
pgm/show.exe
Support/Mapfiles/serv.map
Support/Mapfiles/sqlrun.map
Support/Mapfiles/show.map
&if $_MSC_VER in [ 13, 14]
symbols/serv.pdb
symbols/show.pdb
symbols/sqlrun.pdb
&else
symbols/serv.dbg
symbols/show.dbg
symbols/sqlrun.dbg
&endif
&else
bin/sdbinfo
bin/sqlver
bin/sqlwhat
bin/sysmon
bin/x_analys
bin/x_cons
&if ($OSSPEC == SVR4 && $MACH == SUN) || $OSSPEC in [ HPUX, SOLARIS ]
bin/x_genwin
&endif
bin/x_maketi
bin/x_server 06551
bin/x_start
bin/x_stop
bin/x_wiz
bin/x_wizard
bin/x_wizstop
bin/x_wiztrc
bin/xbackup
bin/xinstinfo
bin/xpu
env/vserver.use
env/niserver.use
env/nisslserver.use
env/xstart.use
env/xstop.use
etc/VERSIONS
pgm/maketi
pgm/niserver 0500
pgm/nisslserver 0500
pgm/vserver	0500
pgm/starter/sdbstarter 04510
terminfo/aixterm-m.ti
terminfo/aixterm.ti
terminfo/ansi.ti
terminfo/at386.ti
terminfo/ba48.ti
terminfo/ba80-08.ti
terminfo/chrclass/german
terminfo/chrclass/ibm437
terminfo/chrclass/iso8859
terminfo/chrclass/mbcs
terminfo/dap4x.ti
terminfo/dec-xterm.ti
terminfo/ibm3151.ti
terminfo/sni-xterm.ti
terminfo/sqldbsun.ti
terminfo/sun-cmd.ti
terminfo/term/aixterm-m.hif
terminfo/term/aixterm.hif
terminfo/term/ansi-col.hif
terminfo/term/ansi-gra.hif
terminfo/term/ansi.hif
terminfo/term/at386-col.hif
terminfo/term/at386-gra.hif
terminfo/term/at386.hif
terminfo/term/ba48.hif
terminfo/term/ba80.hif
terminfo/term/dap4x.hif
terminfo/term/dap4xvt100.hif
terminfo/term/dec-xterm.hif
terminfo/term/ibm3151.hif
terminfo/term/sni-xterm.hif
terminfo/term/sqldb-ow.hif
terminfo/term/uslxterm.hif
terminfo/term/vt100.hif
terminfo/term/vt100_hp.hif
terminfo/term/vt100_mbcs.hif
terminfo/term/vt220.hif
terminfo/term/vt320.hif
terminfo/uslxterm.ti
terminfo/vt100.ti
terminfo/vt100_hp.ti
terminfo/vt100_mbcs.ti
terminfo/vt220.ti
terminfo/vt320.ti
&endif
