&if $OS in [ WIN32 ]
bin/x_python.exe
pgm/pysapdb.exe
pgm/python23.dll
&else
bin/x_python
pgm/python
&endif
# sdb python extensions
&if $OS in [ WIN32 ]
lib/python2.3/sdb/__init__.py
lib/python2.3/sdb/dbm.pyd
lib/python2.3/sdb/loader.pyd
lib/python2.3/sdb/sql.pyd
&else
lib/python2.3/sdb/__init__.py
lib/python2.3/sdb/dbmmodule.$SOEXT
lib/python2.3/sdb/loadermodule.$SOEXT
lib/python2.3/sdb/sqlmodule.$SOEXT
&endif
# std python lib
&if $OS in [ WIN32 ]
pgm/python23.zip
lib/python2.3/_socket.pyd
lib/python2.3/_sre.pyd
lib/python2.3/pyexpat.pyd
lib/python2.3/zlib.pyd
&if ! defined BIT64
lib/python2.3/_csv.pyd
lib/python2.3/_winreg.pyd
&endif
&else
lib/python23.zip
&endif
lib/python2.3/optlib.py
