(1) 'line 1 appears' 
(0) '&define	A' 
(1) 'line 3 appears' 
(0) '&undef	A' 
(0) '&define	A	7' 
(0) '&define	B	T/35.7-8' 
(0) '&define	C	pc_sco	# comment' 
(0) '&define	D	4' 
(0) '&define	E	$LOGNAME' 
(1) 'line 10 appears' 
(0) '&ifdef	A' 
(1) '	line 12 appears' 
(0) '&endif	' 
(1) 'line 14 appears' 
(0) '&ifndef	A' 
(0) '	line 16 suppressed' 
(0) '&endif	' 
(1) 'line 18 appears' 
(0) '&if	A == 7	#NOTE: not $A (no substitution, string 'A' is meant)' 
(0) '	line 20 suppressed' 
(0) '&elif	(A != abc#def) && ($D == 4)	#again string 'A' is meant' 
(1) '	line 22 appears' 
(0) '&elif	!(A==7)				#again string 'A' is meant' 
(0) '	line 24 suppressed' 
(0) '&else' 
(0) '	line 26 suppressed' 
(0) '&endif	#comment' 
(1) 'line 28 appears' 
(0) '&if	$C in [ T/35 , T/31 , $B ]' 
(0) '	line 30 suppressed' 
(0) '&elif	$B in [ T/31 , T/35.7-8 , pc_sco ]' 
(1) '	line 32 appears' 
(0) '&elif	$C !in [ T/35 , T/31 , $B ]' 
(0) '	line 34 suppressed' 
(0) '&elif	1' 
(0) '	line 36 suppressed' 
(0) '&elif	1' 
(0) '	line 38 suppressed' 
(0) '&endif' 
(1) 'line 40 appears' 
(0) '&if	1' 
(0) '&	if	0' 
(0) '		line 43 suppressed' 
(0) '&		if	1' 
(0) '			line 45 suppressed' 
(0) '&		else' 
(0) '			line 47 suppressed' 
(0) '&		endif' 
(0) '		line 49 suppressed' 
(0) '&	else' 
(0) '&		if	1' 
(1) '			line 52 appears' 
(0) '&			if	0' 
(0) '				line 54 suppressed' 
(0) '&			elif	0' 
(0) '				line 56 suppressed' 
(0) '&			elif	1' 
(1) '				line 58 appears' 
(0) '&				if	0' 
(0) '					line 60 suppressed' 
(0) '&				else' 
(1) '					line 62 appears' 
(0) '&				endif' 
(1) '				line 64 appears' 
(0) '&				if	1' 
(1) '					line 66 appears' 
(0) '&				else' 
(0) '					line 68 suppressed' 
(0) '&				endif' 
(1) '				line 70 appears' 
(0) '&			elif	0' 
(0) '				line 72 suppressed' 
(0) '&			else' 
(0) '				line 74 suppressed' 
(0) '&			endif' 
(1) '			line 76 appears' 
(0) '&		else' 
(0) '			line 78 suppressed' 
(0) '&		endif' 
(0) '&	endif' 
(0) '&else' 
(0) '	line 82 suppressed' 
(0) '&	if	0' 
(0) '		line 84 suppressed' 
(0) '&	else' 
(0) '		line 86 suppressed' 
(0) '&		if	1' 
(0) '			line 88 suppressed' 
(0) '&		else' 
(0) '&		endif' 
(0) '&	endif' 
(0) '&endif' 
(1) 'line 93 appears' 
(0) '&if	$C in [ T/35 , T/31 , $B , pc_sco ]' 
(1) '	line 95 appears' 
(0) '&elif	$B in [ T/31 , T/35.7-8 , pc_sco ]' 
(0) '	line 97 suppressed' 
(0) '&elif	$C !in [ T/35 , T/31 , $B ]' 
(0) '	line 99 suppressed' 
(0) '&elif	1' 
(0) '	line 101 suppressed' 
(0) '&else	#comment' 
(0) '	line 103 suppressed' 
(0) '&endif' 
(1) 'line 105 appears' 
(1) '!!!!!!!!!!!!!!!!!!!!!!!!!!!!!!! Warnings:' 
concom: warning: redefinition of 'A' in '' line 107 
(0) '&define	A	8' 
(1) '!!!!!!!!!!!!!!!!!!!!!!!!!!!!!!! Errors:' 
concom: syntax error in '' line 109: 'pc_att' unexpected 
(-1) '&define	x	pc_sco	pc_att' 
concom: error: if-less endif in '' line 110 
(0) '&endif' 
concom: syntax error in '' line 111: 'end-of-line' unexpected 
(-1) '&if' 
(1) '!!!!!!!!!!!!!!!!!!!!!!!!!!!!!!! New Features:' 
(1) 'line 113 appears' 
concom: warning: redefinition of 'x' in '' line 114 
(0) '&define x	"pc_sco pc_att"' 
(0) '&if	$x = "pc_sco pc_att"' 
(1) 'line 116 appears' 
(0) '&endif' 
(1) '!!! -DIGNORECASE ???' 
concom: syntax error in '' line 119: 'UNDEF' unexpected 
(-1) '&UNDEF	X' 
(1) '!!! if without endif' 
(0) '&ifdef	a' 
concom: incomplete construct at end of file '' 
